<?xml version="1.0" encoding="UTF-8"?>
<!-- Generated by org.testng.reporters.JUnitReportReporter -->
<testsuite hostname="JASPREET-PC" failures="0" tests="4" name="AutomationTesting.NewTest" time="0.066" errors="0" timestamp="2023-09-11T17:30:23 IST" skipped="0">
  <testcase classname="AutomationTesting.NewTest" name="Test_1" time="0.021"/>
  <testcase classname="AutomationTesting.NewTest" name="Test_2" time="0.026"/>
  <testcase classname="AutomationTesting.NewTest" name="Test_3" time="0.015"/>
  <testcase classname="AutomationTesting.NewTest" name="Test_4" time="0.004"/>
</testsuite> <!-- AutomationTesting.NewTest -->
